<?xml version="1.0" encoding="UTF-8"?>
<!-- Generated by org.testng.reporters.JUnitXMLReporter -->
<testsuite ignored="0" hostname="Hari" failures="1" tests="7" name="Test" time="0.145" errors="0" timestamp="2024-05-03T13:58:22 IST">
  <testcase classname="com.TestEngine.RetryAnaly" name="names" time="0.013"/>
  <testcase classname="com.TestEngine.RetryAnaly" name="stringnames" time="0.022">
    <skipped/>
  </testcase> <!-- stringnames -->
  <testcase classname="com.TestEngine.RetryAnaly" name="stringnames" time="0.002">
    <skipped/>
  </testcase> <!-- stringnames -->
  <testcase classname="com.TestEngine.RetryAnaly" name="stringnames" time="0.002">
    <skipped/>
  </testcase> <!-- stringnames -->
  <testcase classname="com.TestEngine.RetryAnaly" name="stringnames" time="0.003">
    <skipped/>
  </testcase> <!-- stringnames -->
  <testcase classname="com.TestEngine.RetryAnaly" name="stringnames" time="0.002">
    <skipped/>
  </testcase> <!-- stringnames -->
  <testcase classname="com.TestEngine.RetryAnaly" name="stringnames" time="0.002">
    <failure type="java.lang.AssertionError" message="expected [Hariharan] but found [hariharan]">
      <![CDATA[java.lang.AssertionError: expected [Hariharan] but found [hariharan]
at com.TestEngine.RetryAnaly.stringnames(RetryAnaly.java:17)
at java.base/java.util.ArrayList.forEach(ArrayList.java:1540)
... Removed 33 stack frames]]>
    </failure>
  </testcase> <!-- stringnames -->
</testsuite> <!-- Test -->
