<?xml version="1.0" encoding="UTF-8"?>
<testng-results ignored="0" total="4" passed="4" failed="0" skipped="0">
  <reporter-output>
  </reporter-output>
  <suite started-at="2024-05-11T11:51:02 IST" name="Default suite" finished-at="2024-05-11T11:51:23 IST" duration-ms="20800">
    <groups>
    </groups>
    <test started-at="2024-05-11T11:51:02 IST" name="Default test" finished-at="2024-05-11T11:51:23 IST" duration-ms="20800">
      <class name="com.TestEngine.SimpleAnnotation">
        <test-method is-config="true" signature="SetProperty()[pri:0, instance:com.TestEngine.SimpleAnnotation@3ad83a66]" started-at="2024-05-11T11:51:02 IST" name="SetProperty" finished-at="2024-05-11T11:51:02 IST" duration-ms="30" status="PASS">
          <reporter-output>
          </reporter-output>
        </test-method> <!-- SetProperty -->
        <test-method is-config="true" signature="browserLaunch()[pri:0, instance:com.TestEngine.SimpleAnnotation@3ad83a66]" started-at="2024-05-11T11:51:02 IST" name="browserLaunch" finished-at="2024-05-11T11:51:04 IST" duration-ms="2384" status="PASS">
          <reporter-output>
          </reporter-output>
        </test-method> <!-- browserLaunch -->
        <test-method is-config="true" signature="getURl()[pri:0, instance:com.TestEngine.SimpleAnnotation@3ad83a66]" started-at="2024-05-11T11:51:04 IST" name="getURl" finished-at="2024-05-11T11:51:06 IST" duration-ms="1498" status="PASS">
          <reporter-output>
          </reporter-output>
        </test-method> <!-- getURl -->
        <test-method signature="SearchHotel1()[pri:0, instance:com.TestEngine.SimpleAnnotation@3ad83a66]" started-at="2024-05-11T11:51:06 IST" name="SearchHotel1" finished-at="2024-05-11T11:51:11 IST" duration-ms="5151" status="PASS">
          <reporter-output>
          </reporter-output>
        </test-method> <!-- SearchHotel1 -->
        <test-method signature="SearchHotel2()[pri:0, instance:com.TestEngine.SimpleAnnotation@3ad83a66]" started-at="2024-05-11T11:51:11 IST" name="SearchHotel2" finished-at="2024-05-11T11:51:12 IST" depends-on-methods="com.TestEngine.SimpleAnnotation.SearchHotel1" duration-ms="792" status="PASS">
          <reporter-output>
          </reporter-output>
        </test-method> <!-- SearchHotel2 -->
        <test-method signature="BookAHotel()[pri:3, instance:com.TestEngine.SimpleAnnotation@3ad83a66]" started-at="2024-05-11T11:51:12 IST" name="BookAHotel" finished-at="2024-05-11T11:51:13 IST" duration-ms="978" status="PASS">
          <reporter-output>
          </reporter-output>
        </test-method> <!-- BookAHotel -->
        <test-method signature="bookingconfirm()[pri:5, instance:com.TestEngine.SimpleAnnotation@3ad83a66]" started-at="2024-05-11T11:51:13 IST" name="bookingconfirm" finished-at="2024-05-11T11:51:23 IST" duration-ms="9918" status="PASS">
          <reporter-output>
          </reporter-output>
        </test-method> <!-- bookingconfirm -->
        <test-method is-config="true" signature="deleteAllCookies()[pri:0, instance:com.TestEngine.SimpleAnnotation@3ad83a66]" started-at="2024-05-11T11:51:23 IST" name="deleteAllCookies" finished-at="2024-05-11T11:51:23 IST" duration-ms="210" status="PASS">
          <reporter-output>
          </reporter-output>
        </test-method> <!-- deleteAllCookies -->
      </class> <!-- com.TestEngine.SimpleAnnotation -->
    </test> <!-- Default test -->
  </suite> <!-- Default suite -->
</testng-results>
